{"/home/ubuntu/armadaos-ui/src/components/desktop-shell/TopBar.css": {"path":"/home/ubuntu/armadaos-ui/src/components/desktop-shell/TopBar.css","statementMap":{},"fnMap":{},"branchMap":{},"s":{},"f":{},"b":{},"meta":{"lastBranch":0,"lastFunction":0,"lastStatement":0,"seen":{}}}
,"/home/ubuntu/armadaos-ui/src/components/desktop-shell/TopBar.tsx": {"path":"/home/ubuntu/armadaos-ui/src/components/desktop-shell/TopBar.tsx","statementMap":{"0":{"start":{"line":17,"column":45},"end":{"line":92,"column":null}},"1":{"start":{"line":24,"column":36},"end":{"line":24,"column":null}},"2":{"start":{"line":27,"column":2},"end":{"line":46,"column":null}},"3":{"start":{"line":28,"column":23},"end":{"line":37,"column":null}},"4":{"start":{"line":29,"column":18},"end":{"line":29,"column":null}},"5":{"start":{"line":30,"column":20},"end":{"line":30,"column":null}},"6":{"start":{"line":31,"column":22},"end":{"line":31,"column":null}},"7":{"start":{"line":32,"column":19},"end":{"line":32,"column":null}},"8":{"start":{"line":33,"column":27},"end":{"line":33,"column":null}},"9":{"start":{"line":34,"column":29},"end":{"line":34,"column":null}},"10":{"start":{"line":36,"column":6},"end":{"line":36,"column":null}},"11":{"start":{"line":40,"column":4},"end":{"line":40,"column":null}},"12":{"start":{"line":43,"column":21},"end":{"line":43,"column":null}},"13":{"start":{"line":45,"column":4},"end":{"line":45,"column":null}},"14":{"start":{"line":45,"column":17},"end":{"line":45,"column":null}},"15":{"start":{"line":48,"column":2},"end":{"line":90,"column":null}}},"fnMap":{"0":{"name":"(anonymous_0)","decl":{"start":{"line":17,"column":45},"end":{"line":17,"column":46}},"loc":{"start":{"line":23,"column":6},"end":{"line":92,"column":null}},"line":23},"1":{"name":"(anonymous_1)","decl":{"start":{"line":27,"column":12},"end":{"line":27,"column":18}},"loc":{"start":{"line":27,"column":18},"end":{"line":46,"column":5}},"line":27},"2":{"name":"(anonymous_2)","decl":{"start":{"line":28,"column":23},"end":{"line":28,"column":29}},"loc":{"start":{"line":28,"column":29},"end":{"line":37,"column":null}},"line":28},"3":{"name":"(anonymous_3)","decl":{"start":{"line":45,"column":11},"end":{"line":45,"column":17}},"loc":{"start":{"line":45,"column":17},"end":{"line":45,"column":null}},"line":45}},"branchMap":{"0":{"loc":{"start":{"line":18,"column":2},"end":{"line":18,"column":null}},"type":"default-arg","locations":[{"start":{"line":18,"column":12},"end":{"line":18,"column":null}}],"line":18},"1":{"loc":{"start":{"line":19,"column":2},"end":{"line":19,"column":null}},"type":"default-arg","locations":[{"start":{"line":19,"column":27},"end":{"line":19,"column":null}}],"line":19},"2":{"loc":{"start":{"line":32,"column":19},"end":{"line":32,"column":null}},"type":"cond-expr","locations":[{"start":{"line":32,"column":33},"end":{"line":32,"column":40}},{"start":{"line":32,"column":40},"end":{"line":32,"column":null}}],"line":32},"3":{"loc":{"start":{"line":33,"column":27},"end":{"line":33,"column":null}},"type":"binary-expr","locations":[{"start":{"line":33,"column":27},"end":{"line":33,"column":41}},{"start":{"line":33,"column":41},"end":{"line":33,"column":null}}],"line":33},"4":{"loc":{"start":{"line":78,"column":11},"end":{"line":86,"column":null}},"type":"cond-expr","locations":[{"start":{"line":79,"column":12},"end":{"line":84,"column":null}},{"start":{"line":86,"column":12},"end":{"line":86,"column":null}}],"line":78}},"s":{"0":1,"1":24,"2":24,"3":12,"4":12,"5":12,"6":12,"7":12,"8":12,"9":12,"10":12,"11":12,"12":12,"13":12,"14":12,"15":24},"f":{"0":24,"1":12,"2":12,"3":12},"b":{"0":[24],"1":[24],"2":[12,0],"3":[12,0],"4":[2,22]},"meta":{"lastBranch":5,"lastFunction":4,"lastStatement":16,"seen":{"s:17:45:92:Infinity":0,"f:17:45:17:46":0,"b:18:12:18:Infinity":0,"b:19:27:19:Infinity":1,"s:24:36:24:Infinity":1,"s:27:2:46:Infinity":2,"f:27:12:27:18":1,"s:28:23:37:Infinity":3,"f:28:23:28:29":2,"s:29:18:29:Infinity":4,"s:30:20:30:Infinity":5,"s:31:22:31:Infinity":6,"s:32:19:32:Infinity":7,"b:32:33:32:40:32:40:32:Infinity":2,"s:33:27:33:Infinity":8,"b:33:27:33:41:33:41:33:Infinity":3,"s:34:29:34:Infinity":9,"s:36:6:36:Infinity":10,"s:40:4:40:Infinity":11,"s:43:21:43:Infinity":12,"s:45:4:45:Infinity":13,"f:45:11:45:17":3,"s:45:17:45:Infinity":14,"s:48:2:90:Infinity":15,"b:79:12:84:Infinity:86:12:86:Infinity":4}}}
}
